  Rasterizer.cpp
D:\opengl\Libraries\Includes\eigen-3.4.0\Eigen\src\Core\arch\Default\Half.h(1,1): warning C4819: 该文件包含不能在当前代码页(936)中表示的字符。请将该文件保存为 Unicode 格式以防止数据丢失
D:\opengl\Libraries\Includes\eigen-3.4.0\Eigen\src\Core\arch\Default\BFloat16.h(1,1): warning C4819: 该文件包含不能在当前代码页(936)中表示的字符。请将该文件保存为 Unicode 格式以防止数据丢失
D:\opengl\Libraries\Includes\eigen-3.4.0\Eigen\src\Core\arch\Default\GenericPacketMathFunctions.h(676,1): warning C4819: 该文件包含不能在当前代码页(936)中表示的字符。请将该文件保存为 Unicode 格式以防止数据丢失
D:\project\GitHub\SoftRender\Rasterization\Rasterization\Rasterizer.cpp(19,13): warning C4244: “=”: 从“float”转换到“int”，可能丢失数据
D:\project\GitHub\SoftRender\Rasterization\Rasterization\Rasterizer.cpp(20,13): warning C4244: “=”: 从“float”转换到“int”，可能丢失数据
D:\project\GitHub\SoftRender\Rasterization\Rasterization\Rasterizer.cpp(21,15): warning C4244: “=”: 从“double”转换到“int”，可能丢失数据
D:\project\GitHub\SoftRender\Rasterization\Rasterization\Rasterizer.cpp(22,15): warning C4244: “=”: 从“double”转换到“int”，可能丢失数据
D:\project\GitHub\SoftRender\Rasterization\Rasterization\Rasterizer.cpp(35,17): warning C4244: “=”: 从“float”转换到“int”，可能丢失数据
D:\project\GitHub\SoftRender\Rasterization\Rasterization\Rasterizer.cpp(36,17): warning C4244: “=”: 从“float”转换到“int”，可能丢失数据
D:\project\GitHub\SoftRender\Rasterization\Rasterization\Rasterizer.cpp(37,18): warning C4244: “=”: 从“float”转换到“int”，可能丢失数据
D:\project\GitHub\SoftRender\Rasterization\Rasterization\Rasterizer.cpp(41,17): warning C4244: “=”: 从“float”转换到“int”，可能丢失数据
D:\project\GitHub\SoftRender\Rasterization\Rasterization\Rasterizer.cpp(42,17): warning C4244: “=”: 从“float”转换到“int”，可能丢失数据
D:\project\GitHub\SoftRender\Rasterization\Rasterization\Rasterizer.cpp(43,18): warning C4244: “=”: 从“float”转换到“int”，可能丢失数据
D:\project\GitHub\SoftRender\Rasterization\Rasterization\Rasterizer.cpp(75,17): warning C4244: “=”: 从“float”转换到“int”，可能丢失数据
D:\project\GitHub\SoftRender\Rasterization\Rasterization\Rasterizer.cpp(76,17): warning C4244: “=”: 从“float”转换到“int”，可能丢失数据
D:\project\GitHub\SoftRender\Rasterization\Rasterization\Rasterizer.cpp(77,18): warning C4244: “=”: 从“float”转换到“int”，可能丢失数据
D:\project\GitHub\SoftRender\Rasterization\Rasterization\Rasterizer.cpp(81,17): warning C4244: “=”: 从“float”转换到“int”，可能丢失数据
D:\project\GitHub\SoftRender\Rasterization\Rasterization\Rasterizer.cpp(82,17): warning C4244: “=”: 从“float”转换到“int”，可能丢失数据
D:\project\GitHub\SoftRender\Rasterization\Rasterization\Rasterizer.cpp(83,18): warning C4244: “=”: 从“float”转换到“int”，可能丢失数据
D:\project\GitHub\SoftRender\Rasterization\Rasterization\Rasterizer.cpp(121,19): warning C4244: “参数”: 从“int”转换到“const float”，可能丢失数据
D:\project\GitHub\SoftRender\Rasterization\Rasterization\Rasterizer.cpp(121,16): warning C4244: “参数”: 从“int”转换到“const float”，可能丢失数据
D:\project\GitHub\SoftRender\Rasterization\Rasterization\Rasterizer.cpp(177,39): warning C4244: “=”: 从“int”转换到“float”，可能丢失数据
D:\project\GitHub\SoftRender\Rasterization\Rasterization\Rasterizer.cpp(178,38): warning C4244: “=”: 从“int”转换到“float”，可能丢失数据
D:\project\GitHub\SoftRender\Rasterization\Rasterization\Rasterizer.cpp(179,39): warning C4244: “=”: 从“int”转换到“float”，可能丢失数据
D:\project\GitHub\SoftRender\Rasterization\Rasterization\Rasterizer.cpp(180,38): warning C4244: “=”: 从“int”转换到“float”，可能丢失数据
D:\project\GitHub\SoftRender\Rasterization\Rasterization\Rasterizer.cpp(182,16): warning C4244: “初始化”: 从“float”转换到“int”，可能丢失数据
D:\project\GitHub\SoftRender\Rasterization\Rasterization\Rasterizer.cpp(183,20): warning C4244: “初始化”: 从“float”转换到“int”，可能丢失数据
D:\project\GitHub\SoftRender\Rasterization\Rasterization\Rasterizer.cpp(184,83): warning C4244: “参数”: 从“double”转换到“int”，可能丢失数据
D:\project\GitHub\SoftRender\Rasterization\Rasterization\Rasterizer.cpp(184,54): warning C4244: “参数”: 从“double”转换到“int”，可能丢失数据
D:\project\GitHub\SoftRender\Rasterization\Rasterization\Rasterizer.cpp(186,100): warning C4244: “参数”: 从“double”转换到“float”，可能丢失数据
D:\project\GitHub\SoftRender\Rasterization\Rasterization\Rasterizer.cpp(186,71): warning C4244: “参数”: 从“double”转换到“float”，可能丢失数据
D:\project\GitHub\SoftRender\Rasterization\Rasterization\Rasterizer.cpp(191,25): warning C4244: “初始化”: 从“double”转换到“float”，可能丢失数据
  main.cpp
D:\opengl\Libraries\Includes\eigen-3.4.0\Eigen\src\Core\arch\Default\Half.h(1,1): warning C4819: 该文件包含不能在当前代码页(936)中表示的字符。请将该文件保存为 Unicode 格式以防止数据丢失
D:\opengl\Libraries\Includes\eigen-3.4.0\Eigen\src\Core\arch\Default\BFloat16.h(1,1): warning C4819: 该文件包含不能在当前代码页(936)中表示的字符。请将该文件保存为 Unicode 格式以防止数据丢失
D:\opengl\Libraries\Includes\eigen-3.4.0\Eigen\src\Core\arch\Default\GenericPacketMathFunctions.h(676,1): warning C4819: 该文件包含不能在当前代码页(936)中表示的字符。请将该文件保存为 Unicode 格式以防止数据丢失
D:\project\GitHub\SoftRender\Rasterization\Rasterization\main.cpp(49,72): warning C4305: “参数”: 从“double”到“const float”截断
D:\project\GitHub\SoftRender\Rasterization\Rasterization\main.cpp(51,33): warning C4305: “参数”: 从“double”到“float”截断
  正在生成代码...
  Rasterization.vcxproj -> D:\project\GitHub\SoftRender\Rasterization\x64\Debug\Rasterization.exe
